<?xml version="1.0" encoding="UTF-8"?>
<testsuite xmlns:xsi="http://www.w3.org/2001/XMLSchema-instance" xsi:noNamespaceSchemaLocation="https://maven.apache.org/surefire/maven-surefire-plugin/xsd/surefire-test-report.xsd" name="com.riswit.dpt.abstractfactory.AbstractFactoryPatternDemoTest" time="0.433" tests="1" errors="0" skipped="0" failures="0">
  <properties>
    <property name="sun.desktop" value="windows"/>
    <property name="awt.toolkit" value="sun.awt.windows.WToolkit"/>
    <property name="file.encoding.pkg" value="sun.io"/>
    <property name="java.specification.version" value="1.8"/>
    <property name="sun.cpu.isalist" value="amd64"/>
    <property name="sun.jnu.encoding" value="Cp1252"/>
    <property name="java.class.path" value="F:\java\pattern\designpatterntutorials\creational\abstractfactory\target\test-classes;F:\java\pattern\designpatterntutorials\creational\abstractfactory\target\classes;C:\Users\Dino\.m2\repository\org\junit\jupiter\junit-jupiter-api\5.3.1\junit-jupiter-api-5.3.1.jar;C:\Users\Dino\.m2\repository\org\apiguardian\apiguardian-api\1.0.0\apiguardian-api-1.0.0.jar;C:\Users\Dino\.m2\repository\org\opentest4j\opentest4j\1.1.1\opentest4j-1.1.1.jar;C:\Users\Dino\.m2\repository\org\junit\platform\junit-platform-commons\1.3.1\junit-platform-commons-1.3.1.jar;C:\Users\Dino\.m2\repository\org\junit\jupiter\junit-jupiter-params\5.3.1\junit-jupiter-params-5.3.1.jar;C:\Users\Dino\.m2\repository\org\junit\jupiter\junit-jupiter-engine\5.3.1\junit-jupiter-engine-5.3.1.jar;C:\Users\Dino\.m2\repository\org\junit\platform\junit-platform-engine\1.3.1\junit-platform-engine-1.3.1.jar;C:\Users\Dino\.m2\repository\org\junit\platform\junit-platform-launcher\1.3.1\junit-platform-launcher-1.3.1.jar;C:\Users\Dino\.m2\repository\org\mockito\mockito-junit-jupiter\2.20.1\mockito-junit-jupiter-2.20.1.jar;C:\Users\Dino\.m2\repository\org\mockito\mockito-core\2.20.1\mockito-core-2.20.1.jar;C:\Users\Dino\.m2\repository\net\bytebuddy\byte-buddy\1.8.13\byte-buddy-1.8.13.jar;C:\Users\Dino\.m2\repository\net\bytebuddy\byte-buddy-agent\1.8.13\byte-buddy-agent-1.8.13.jar;C:\Users\Dino\.m2\repository\org\objenesis\objenesis\2.6\objenesis-2.6.jar;C:\Users\Dino\.m2\repository\org\hamcrest\hamcrest-all\1.3\hamcrest-all-1.3.jar;C:\Users\Dino\.m2\repository\org\slf4j\slf4j-nop\1.7.25\slf4j-nop-1.7.25.jar;C:\Users\Dino\.m2\repository\org\slf4j\slf4j-api\1.7.25\slf4j-api-1.7.25.jar;C:\Users\Dino\.m2\repository\io\github\glytching\junit-extensions\2.3.0\junit-extensions-2.3.0.jar;C:\Users\Dino\.m2\repository\io\github\benas\random-beans\3.7.0\random-beans-3.7.0.jar;C:\Users\Dino\.m2\repository\io\github\lukehutch\fast-classpath-scanner\2.2.1\fast-classpath-scanner-2.2.1.jar;C:\Users\Dino\.m2\repository\com\fasterxml\jackson\core\jackson-databind\2.8.8.1\jackson-databind-2.8.8.1.jar;C:\Users\Dino\.m2\repository\com\fasterxml\jackson\core\jackson-annotations\2.8.0\jackson-annotations-2.8.0.jar;C:\Users\Dino\.m2\repository\com\fasterxml\jackson\core\jackson-core\2.8.8\jackson-core-2.8.8.jar;"/>
    <property name="java.vm.vendor" value="Oracle Corporation"/>
    <property name="sun.arch.data.model" value="64"/>
    <property name="user.variant" value=""/>
    <property name="java.vendor.url" value="http://java.oracle.com/"/>
    <property name="user.timezone" value="Europe/Berlin"/>
    <property name="java.vm.specification.version" value="1.8"/>
    <property name="os.name" value="Windows 10"/>
    <property name="user.country" value="GB"/>
    <property name="sun.java.launcher" value="SUN_STANDARD"/>
    <property name="sun.boot.library.path" value="C:\Program Files\Java\jdk1.8.0_162\jre\bin"/>
    <property name="sun.java.command" value="C:\Users\Dino\AppData\Local\Temp\surefire7348578988936182787\surefirebooter323663531360741694.jar C:\Users\Dino\AppData\Local\Temp\surefire7348578988936182787 2019-03-24T17-19-37_796-jvmRun1 surefire6323713658189851546tmp surefire_0851519184230895537tmp"/>
    <property name="surefire.test.class.path" value="F:\java\pattern\designpatterntutorials\creational\abstractfactory\target\test-classes;F:\java\pattern\designpatterntutorials\creational\abstractfactory\target\classes;C:\Users\Dino\.m2\repository\org\junit\jupiter\junit-jupiter-api\5.3.1\junit-jupiter-api-5.3.1.jar;C:\Users\Dino\.m2\repository\org\apiguardian\apiguardian-api\1.0.0\apiguardian-api-1.0.0.jar;C:\Users\Dino\.m2\repository\org\opentest4j\opentest4j\1.1.1\opentest4j-1.1.1.jar;C:\Users\Dino\.m2\repository\org\junit\platform\junit-platform-commons\1.3.1\junit-platform-commons-1.3.1.jar;C:\Users\Dino\.m2\repository\org\junit\jupiter\junit-jupiter-params\5.3.1\junit-jupiter-params-5.3.1.jar;C:\Users\Dino\.m2\repository\org\junit\jupiter\junit-jupiter-engine\5.3.1\junit-jupiter-engine-5.3.1.jar;C:\Users\Dino\.m2\repository\org\junit\platform\junit-platform-engine\1.3.1\junit-platform-engine-1.3.1.jar;C:\Users\Dino\.m2\repository\org\junit\platform\junit-platform-launcher\1.3.1\junit-platform-launcher-1.3.1.jar;C:\Users\Dino\.m2\repository\org\mockito\mockito-junit-jupiter\2.20.1\mockito-junit-jupiter-2.20.1.jar;C:\Users\Dino\.m2\repository\org\mockito\mockito-core\2.20.1\mockito-core-2.20.1.jar;C:\Users\Dino\.m2\repository\net\bytebuddy\byte-buddy\1.8.13\byte-buddy-1.8.13.jar;C:\Users\Dino\.m2\repository\net\bytebuddy\byte-buddy-agent\1.8.13\byte-buddy-agent-1.8.13.jar;C:\Users\Dino\.m2\repository\org\objenesis\objenesis\2.6\objenesis-2.6.jar;C:\Users\Dino\.m2\repository\org\hamcrest\hamcrest-all\1.3\hamcrest-all-1.3.jar;C:\Users\Dino\.m2\repository\org\slf4j\slf4j-nop\1.7.25\slf4j-nop-1.7.25.jar;C:\Users\Dino\.m2\repository\org\slf4j\slf4j-api\1.7.25\slf4j-api-1.7.25.jar;C:\Users\Dino\.m2\repository\io\github\glytching\junit-extensions\2.3.0\junit-extensions-2.3.0.jar;C:\Users\Dino\.m2\repository\io\github\benas\random-beans\3.7.0\random-beans-3.7.0.jar;C:\Users\Dino\.m2\repository\io\github\lukehutch\fast-classpath-scanner\2.2.1\fast-classpath-scanner-2.2.1.jar;C:\Users\Dino\.m2\repository\com\fasterxml\jackson\core\jackson-databind\2.8.8.1\jackson-databind-2.8.8.1.jar;C:\Users\Dino\.m2\repository\com\fasterxml\jackson\core\jackson-annotations\2.8.0\jackson-annotations-2.8.0.jar;C:\Users\Dino\.m2\repository\com\fasterxml\jackson\core\jackson-core\2.8.8\jackson-core-2.8.8.jar;"/>
    <property name="sun.cpu.endian" value="little"/>
    <property name="user.home" value="C:\Users\Dino"/>
    <property name="user.language" value="en"/>
    <property name="java.specification.vendor" value="Oracle Corporation"/>
    <property name="java.home" value="C:\Program Files\Java\jdk1.8.0_162\jre"/>
    <property name="basedir" value="F:\java\pattern\designpatterntutorials\creational\abstractfactory"/>
    <property name="file.separator" value="\"/>
    <property name="line.separator" value="&#10;"/>
    <property name="java.vm.specification.vendor" value="Oracle Corporation"/>
    <property name="java.specification.name" value="Java Platform API Specification"/>
    <property name="java.awt.graphicsenv" value="sun.awt.Win32GraphicsEnvironment"/>
    <property name="surefire.real.class.path" value="C:\Users\Dino\AppData\Local\Temp\surefire7348578988936182787\surefirebooter323663531360741694.jar"/>
    <property name="sun.boot.class.path" value="C:\Program Files\Java\jdk1.8.0_162\jre\lib\resources.jar;C:\Program Files\Java\jdk1.8.0_162\jre\lib\rt.jar;C:\Program Files\Java\jdk1.8.0_162\jre\lib\sunrsasign.jar;C:\Program Files\Java\jdk1.8.0_162\jre\lib\jsse.jar;C:\Program Files\Java\jdk1.8.0_162\jre\lib\jce.jar;C:\Program Files\Java\jdk1.8.0_162\jre\lib\charsets.jar;C:\Program Files\Java\jdk1.8.0_162\jre\lib\jfr.jar;C:\Program Files\Java\jdk1.8.0_162\jre\classes"/>
    <property name="user.script" value=""/>
    <property name="sun.management.compiler" value="HotSpot 64-Bit Tiered Compilers"/>
    <property name="java.runtime.version" value="1.8.0_162-b12"/>
    <property name="user.name" value="Dino"/>
    <property name="path.separator" value=";"/>
    <property name="os.version" value="10.0"/>
    <property name="java.endorsed.dirs" value="C:\Program Files\Java\jdk1.8.0_162\jre\lib\endorsed"/>
    <property name="java.runtime.name" value="Java(TM) SE Runtime Environment"/>
    <property name="file.encoding" value="Cp1252"/>
    <property name="java.vm.name" value="Java HotSpot(TM) 64-Bit Server VM"/>
    <property name="localRepository" value="C:\Users\Dino\.m2\repository"/>
    <property name="java.vendor.url.bug" value="http://bugreport.sun.com/bugreport/"/>
    <property name="java.io.tmpdir" value="C:\Users\Dino\AppData\Local\Temp\"/>
    <property name="java.version" value="1.8.0_162"/>
    <property name="user.dir" value="F:\java\pattern\designpatterntutorials\creational\abstractfactory"/>
    <property name="os.arch" value="amd64"/>
    <property name="java.vm.specification.name" value="Java Virtual Machine Specification"/>
    <property name="java.awt.printerjob" value="sun.awt.windows.WPrinterJob"/>
    <property name="sun.os.patch.level" value=""/>
    <property name="java.library.path" value="C:\Program Files\Java\jdk1.8.0_162\jre\bin;C:\WINDOWS\Sun\Java\bin;C:\WINDOWS\system32;C:\WINDOWS;F:\oraclexe\app\oracle\product\11.2.0\server\bin;C:\Program Files (x86)\Common Files\Oracle\Java\javapath;C:\ProgramData\Oracle\Java\javapath;C:\Program Files (x86)\Intel\iCLS Client\;C:\Program Files\Intel\iCLS Client\;C:\Program Files (x86)\NVIDIA Corporation\PhysX\Common;C:\WINDOWS\system32;C:\WINDOWS;C:\WINDOWS\System32\Wbem;C:\WINDOWS\System32\WindowsPowerShell\v1.0\;C:\Program Files\Hewlett-Packard\SimplePass\;c:\Program Files\Intel\WiFi\bin\;c:\Program Files\Common Files\Intel\WirelessCommon\;C:\Program Files\Intel\Intel(R) Management Engine Components\DAL;C:\Program Files\Intel\Intel(R) Management Engine Components\IPT;C:\php;C:\Program Files (x86)\MySQL\MySQL Fabric 1.5.4 &amp; MySQL Utilities 1.5.4 1.5\;C:\ProgramData\ComposerSetup\bin;C:\Program Files (x86)\Windows Kits\10\Windows Performance Toolkit\;C:\Program Files\Microsoft\Web Platform Installer\;C:\Program Files\Java\jdk1.8.0_162;%ADT_HOME%\tools;%ADT_HOME%\platform-tools;F:\Android\android-sdk;C:\Program Files\dotnet\;C:\WINDOWS\System32\OpenSSH\;C:\Program Files (x86)\Microsoft Visual Studio 8\Common7\IDE\PrivateAssemblies\;F:\software\apache-maven-3.5.4-bin\bin;C:\Program Files (x86)\nodejs\;C:\Program Files\Microsoft VS Code\bin;C:\Program Files\Git\bin;C:\Users\Dino\AppData\Local\Programs\Python\Python37\Scripts\;C:\Users\Dino\AppData\Local\Programs\Python\Python37\;C:\Users\Dino\.dnx\bin;C:\Users\Dino\AppData\Local\Microsoft\WindowsApps;C:\Users\Dino\AppData\Local\atom\bin;C:\Program Files\Microsoft VS Code\bin;C:\Users\Dino\AppData\Local\Microsoft\WindowsApps;C:\Users\Dino\AppData\Roaming\npm;C:\Program Files\Git\bin;C:\Program Files\heroku\bin;."/>
    <property name="java.vm.info" value="mixed mode"/>
    <property name="java.vendor" value="Oracle Corporation"/>
    <property name="java.vm.version" value="25.162-b12"/>
    <property name="java.ext.dirs" value="C:\Program Files\Java\jdk1.8.0_162\jre\lib\ext;C:\WINDOWS\Sun\Java\lib\ext"/>
    <property name="sun.io.unicode.encoding" value="UnicodeLittle"/>
    <property name="java.class.version" value="52.0"/>
  </properties>
  <testcase name="shouldReturnError" classname="com.riswit.dpt.abstractfactory.AbstractFactoryPatternDemoTest" time="0.424"/>
</testsuite>